#
# There is insufficient memory for the Java Runtime Environment to continue.
# Native memory allocation (malloc) failed to allocate 798016 bytes for Chunk::new
# Possible reasons:
#   The system is out of physical RAM or swap space
#   The process is running with CompressedOops enabled, and the Java Heap may be blocking the growth of the native heap
# Possible solutions:
#   Reduce memory load on the system
#   Increase physical memory or swap space
#   Check if swap backing store is full
#   Decrease Java heap size (-Xmx/-Xms)
#   Decrease number of Java threads
#   Decrease Java thread stack sizes (-Xss)
#   Set larger code cache with -XX:ReservedCodeCacheSize=
#   JVM is running with Unscaled Compressed Oops mode in which the Java heap is
#     placed in the first 4GB address space. The Java Heap base address is the
#     maximum limit for the native heap growth. Please use -XX:HeapBaseMinAddress
#     to set the Java Heap base and to place the Java Heap above 4GB virtual address.
# This output file may be truncated or incomplete.
#
#  Out of Memory Error (allocation.cpp:389), pid=15692, tid=0x0000000000000cd0
#
# JRE version: OpenJDK Runtime Environment (8.0_242-b01) (build 1.8.0_242-release-1644-b01)
# Java VM: OpenJDK 64-Bit Server VM (25.242-b01 mixed mode windows-amd64 compressed oops)
# Failed to write core dump. Minidumps are not enabled by default on client versions of Windows
#

---------------  T H R E A D  ---------------

Current thread (0x000000001a07a000):  JavaThread "C2 CompilerThread2" daemon [_thread_in_native, id=3280, stack(0x000000001ab40000,0x000000001ac40000)]

Stack: [0x000000001ab40000,0x000000001ac40000]
[error occurred during error reporting (printing stack bounds), id 0xc0000005]

Native frames: (J=compiled Java code, j=interpreted, Vv=VM code, C=native code)


Current CompileTask:
C2: 108946 19689   !   4       org.gradle.api.internal.artifacts.ivyservice.resolveengine.artifact.ArtifactBackedResolvedVariant$DownloadArtifactFile::run (50 bytes)


---------------  P R O C E S S  ---------------

Java Threads: ( => current thread )
  0x000000001fca4000 JavaThread "Cache worker for Java compile cache (D:\GitHub\Zendi\.gradle\6.5\javaCompile)" [_thread_blocked, id=6800, stack(0x0000000023260000,0x0000000023360000)]
  0x000000001fca7800 JavaThread "Cache worker for Java compile cache (C:\Users\trith\.gradle\caches\6.5\javaCompile)" [_thread_blocked, id=1840, stack(0x000000001ea60000,0x000000001eb60000)]
  0x000000001fca8800 JavaThread "WorkerExecutor Queue Thread 9" [_thread_blocked, id=2340, stack(0x0000000001540000,0x0000000001640000)]
  0x0000000022892800 JavaThread "stdout" [_thread_in_native, id=14076, stack(0x00000000305a0000,0x00000000306a0000)]
  0x0000000022891800 JavaThread "stderr" [_thread_in_native, id=23312, stack(0x00000000304a0000,0x00000000305a0000)]
  0x0000000022895800 JavaThread "stdout" [_thread_in_native, id=14488, stack(0x00000000303a0000,0x00000000304a0000)]
  0x0000000022897000 JavaThread "stderr" [_thread_in_native, id=7880, stack(0x00000000302a0000,0x00000000303a0000)]
  0x000000001c494800 JavaThread "stdout" [_thread_in_native, id=11460, stack(0x00000000301a0000,0x00000000302a0000)]
  0x000000001b5d7800 JavaThread "stderr" [_thread_in_native, id=11776, stack(0x00000000300a0000,0x00000000301a0000)]
  0x000000001b5d3000 JavaThread "stdout" [_thread_in_native, id=5412, stack(0x000000002ffa0000,0x00000000300a0000)]
  0x000000001b5d5800 JavaThread "stderr" [_thread_in_native, id=8352, stack(0x000000002fea0000,0x000000002ffa0000)]
  0x000000001b5d0000 JavaThread "stdout" [_thread_in_native, id=23844, stack(0x000000002fda0000,0x000000002fea0000)]
  0x000000001b5d2800 JavaThread "stderr" [_thread_in_native, id=11236, stack(0x000000002fca0000,0x000000002fda0000)]
  0x000000001b5d1800 JavaThread "stdout" [_thread_in_native, id=23388, stack(0x000000002fba0000,0x000000002fca0000)]
  0x000000001b5d7000 JavaThread "stderr" [_thread_in_native, id=15680, stack(0x000000002faa0000,0x000000002fba0000)]
  0x000000001b5d1000 JavaThread "stdout" [_thread_in_native, id=11880, stack(0x000000002f9a0000,0x000000002faa0000)]
  0x000000001b5d6000 JavaThread "stderr" [_thread_in_native, id=11192, stack(0x000000002f8a0000,0x000000002f9a0000)]
  0x000000001b5d4800 JavaThread "stdout" [_thread_in_native, id=22340, stack(0x000000002f7a0000,0x000000002f8a0000)]
  0x000000001b5d4000 JavaThread "stderr" [_thread_in_native, id=16620, stack(0x000000002f6a0000,0x000000002f7a0000)]
  0x000000001b5cb000 JavaThread "WorkerExecutor Queue Thread 8" [_thread_blocked, id=11896, stack(0x000000002f5a0000,0x000000002f6a0000)]
  0x000000001b5c8800 JavaThread "WorkerExecutor Queue Thread 7" [_thread_blocked, id=15744, stack(0x000000002f4a0000,0x000000002f5a0000)]
  0x000000001b5ce800 JavaThread "pool-2-thread-1" [_thread_blocked, id=22628, stack(0x000000002f3a0000,0x000000002f4a0000)]
  0x000000001b5cf800 JavaThread "WorkerExecutor Queue Thread 6" [_thread_blocked, id=21476, stack(0x000000002f2a0000,0x000000002f3a0000)]
  0x000000001b5c9800 JavaThread "WorkerExecutor Queue Thread 4" [_thread_blocked, id=19940, stack(0x000000002eef0000,0x000000002eff0000)]
  0x000000001b5cd000 JavaThread "WorkerExecutor Queue Thread 3" [_thread_blocked, id=11316, stack(0x000000002e770000,0x000000002e870000)]
  0x000000001b5cc800 JavaThread "WorkerExecutor Queue Thread 2" [_thread_blocked, id=23040, stack(0x000000002f0a0000,0x000000002f1a0000)]
  0x000000001c493000 JavaThread "WorkerExecutor Queue" [_thread_blocked, id=17796, stack(0x000000002e670000,0x000000002e770000)]
  0x000000001c497800 JavaThread "Cache worker for execution history cache (D:\GitHub\Zendi\.gradle\6.5\executionHistory)" [_thread_blocked, id=6388, stack(0x000000002e250000,0x000000002e350000)]
  0x000000001c499800 JavaThread "Execution worker for ':' Thread 7" [_thread_blocked, id=9624, stack(0x000000002df50000,0x000000002e050000)]
  0x000000001c48b800 JavaThread "Execution worker for ':' Thread 6" [_thread_blocked, id=24192, stack(0x000000002ca80000,0x000000002cb80000)]
  0x000000001c492000 JavaThread "Execution worker for ':' Thread 5" [_thread_blocked, id=11096, stack(0x000000002c980000,0x000000002ca80000)]
  0x000000001c490800 JavaThread "Execution worker for ':' Thread 4" [_thread_blocked, id=14648, stack(0x000000002c880000,0x000000002c980000)]
  0x000000001c490000 JavaThread "Execution worker for ':' Thread 3" [_thread_blocked, id=7496, stack(0x000000002c780000,0x000000002c880000)]
  0x000000001c48f000 JavaThread "Execution worker for ':' Thread 2" [_thread_blocked, id=11424, stack(0x000000002c680000,0x000000002c780000)]
  0x000000001c48d000 JavaThread "Execution worker for ':'" [_thread_blocked, id=24024, stack(0x000000002c580000,0x000000002c680000)]
  0x000000001c48c000 JavaThread "Cache worker for file content cache (D:\GitHub\Zendi\.gradle\6.5\fileContent)" [_thread_blocked, id=4528, stack(0x000000002c480000,0x000000002c580000)]
  0x000000001c48e800 JavaThread "Memory manager" [_thread_blocked, id=10764, stack(0x000000002c180000,0x000000002c280000)]
  0x000000001c491800 JavaThread "Cache worker for Build Output Cleanup Cache (D:\GitHub\Zendi\.gradle\buildOutputCleanup)" [_thread_blocked, id=1748, stack(0x000000002a4b0000,0x000000002a5b0000)]
  0x000000001fdda800 JavaThread "Build operations Thread 8" [_thread_in_Java, id=15652, stack(0x0000000024160000,0x0000000024260000)]
  0x000000001fdda000 JavaThread "Build operations Thread 7" [_thread_in_native, id=8900, stack(0x0000000024060000,0x0000000024160000)]
  0x000000001fdd9000 JavaThread "Build operations Thread 6" [_thread_in_vm, id=5428, stack(0x0000000023f60000,0x0000000024060000)]
  0x000000001fdd1800 JavaThread "Build operations Thread 5" [_thread_in_Java, id=6228, stack(0x0000000023e60000,0x0000000023f60000)]
  0x000000001fdd3800 JavaThread "Build operations Thread 4" [_thread_in_Java, id=21740, stack(0x0000000023d60000,0x0000000023e60000)]
  0x000000001fdd3000 JavaThread "Build operations Thread 3" [_thread_in_Java, id=19064, stack(0x0000000023c60000,0x0000000023d60000)]
  0x000000001fdd6000 JavaThread "Build operations Thread 2" [_thread_in_Java, id=18164, stack(0x0000000023b60000,0x0000000023c60000)]
  0x000000001fdd6800 JavaThread "Build operations" [_thread_in_native, id=19232, stack(0x0000000023a60000,0x0000000023b60000)]
  0x000000001cc7f800 JavaThread "Cache worker for file content cache (C:\Users\trith\.gradle\caches\6.5\fileContent)" [_thread_blocked, id=20980, stack(0x0000000023360000,0x0000000023460000)]
  0x000000001cc81000 JavaThread "Cache worker for execution history cache (C:\Users\trith\.gradle\caches\6.5\executionHistory)" [_thread_blocked, id=920, stack(0x0000000022b60000,0x0000000022c60000)]
  0x000000001cc84000 JavaThread "Cache worker for cache directory md-rule (C:\Users\trith\.gradle\caches\6.5\md-rule)" [_thread_blocked, id=11116, stack(0x0000000022a60000,0x0000000022b60000)]
  0x000000001cc80800 JavaThread "Cache worker for cache directory md-supplier (C:\Users\trith\.gradle\caches\6.5\md-supplier)" [_thread_blocked, id=17064, stack(0x0000000021600000,0x0000000021700000)]
  0x000000001cc82800 JavaThread "Cache worker for checksums cache (D:\GitHub\Zendi\.gradle\checksums)" [_thread_blocked, id=23664, stack(0x0000000021500000,0x0000000021600000)]
  0x000000001cc82000 JavaThread "Cache worker for file hash cache (D:\GitHub\Zendi\.gradle\6.5\fileHashes)" [_thread_blocked, id=16276, stack(0x0000000022960000,0x0000000022a60000)]
  0x000000001cc85800 JavaThread "Cache worker for file hash cache (C:\Users\trith\.gradle\caches\6.5\fileHashes)" [_thread_blocked, id=17604, stack(0x000000001f060000,0x000000001f160000)]
  0x000000001cc83800 JavaThread "File lock request listener" [_thread_in_native, id=9544, stack(0x000000001ef60000,0x000000001f060000)]
  0x000000001b057800 JavaThread "Cache worker for journal cache (C:\Users\trith\.gradle\caches\journal-1)" [_thread_blocked, id=10088, stack(0x000000001ee60000,0x000000001ef60000)]
  0x000000001c201800 JavaThread "Thread-9" [_thread_blocked, id=22952, stack(0x000000001eb60000,0x000000001ec60000)]
  0x000000001caa4000 JavaThread "Asynchronous log dispatcher for DefaultDaemonConnection: socket connection from /127.0.0.1:55595 to /127.0.0.1:55596" [_thread_blocked, id=17468, stack(0x000000001e960000,0x000000001ea60000)]
  0x000000001caa0800 JavaThread "Daemon worker" [_thread_blocked, id=18752, stack(0x000000001e860000,0x000000001e960000)]
  0x000000001ca97800 JavaThread "Cancel handler" [_thread_blocked, id=11296, stack(0x000000001e660000,0x000000001e760000)]
  0x000000001ca59800 JavaThread "Handler for socket connection from /127.0.0.1:55595 to /127.0.0.1:55596" [_thread_in_native, id=9772, stack(0x000000001e560000,0x000000001e660000)]
  0x000000001ca02800 JavaThread "Daemon" [_thread_blocked, id=14520, stack(0x000000001e460000,0x000000001e560000)]
  0x000000001c9ff000 JavaThread "Daemon periodic checks" [_thread_blocked, id=10344, stack(0x000000001e160000,0x000000001e260000)]
  0x000000001c9ed000 JavaThread "Incoming local TCP Connector on port 55595" [_thread_in_native, id=9232, stack(0x000000001df20000,0x000000001e020000)]
  0x000000001b042000 JavaThread "Daemon health stats" [_thread_blocked, id=5880, stack(0x000000001d8e0000,0x000000001d9e0000)]
  0x000000001a10d000 JavaThread "Service Thread" daemon [_thread_blocked, id=18864, stack(0x000000001ad40000,0x000000001ae40000)]
  0x000000001a0ce800 JavaThread "C1 CompilerThread3" daemon [_thread_in_native, id=11884, stack(0x000000001ac40000,0x000000001ad40000)]
=>0x000000001a07a000 JavaThread "C2 CompilerThread2" daemon [_thread_in_native, id=3280, stack(0x000000001ab40000,0x000000001ac40000)]
  0x000000001a076800 JavaThread "C2 CompilerThread1" daemon [_thread_in_native, id=904, stack(0x000000001aa40000,0x000000001ab40000)]
  0x000000001a071800 JavaThread "C2 CompilerThread0" daemon [_thread_in_native, id=12980, stack(0x000000001a940000,0x000000001aa40000)]
  0x000000001a0be800 JavaThread "Attach Listener" daemon [_thread_blocked, id=16680, stack(0x000000001a840000,0x000000001a940000)]
  0x000000001a0bd800 JavaThread "Signal Dispatcher" daemon [_thread_blocked, id=20336, stack(0x000000001a740000,0x000000001a840000)]
  0x0000000003208000 JavaThread "Finalizer" daemon [_thread_blocked, id=4564, stack(0x000000001a540000,0x000000001a640000)]
  0x000000001a060800 JavaThread "Reference Handler" daemon [_thread_blocked, id=14144, stack(0x000000001a440000,0x000000001a540000)]
  0x0000000003112800 JavaThread "main" [_thread_blocked, id=21300, stack(0x0000000003010000,0x0000000003110000)]

Other Threads:
  0x0000000018278800 VMThread [stack: 0x0000000019f40000,0x000000001a040000] [id=16728]
  0x000000001a10d800 WatcherThread [stack: 0x000000001ae40000,0x000000001af40000] [id=23816]

VM state:not at safepoint (normal execution)

VM Mutex/Monitor currently owned by a thread: None

heap address: 0x0000000080000000, size: 2048 MB, Compressed Oops mode: 32-bit
Narrow klass base: 0x0000000000000000, Narrow klass shift: 3
Compressed class space size: 1073741824 Address: 0x0000000100000000

Heap:
 PSYoungGen      total 554496K, used 189062K [0x00000000d5580000, 0x00000000fe180000, 0x0000000100000000)
  eden space 521728K, 36% used [0x00000000d5580000,0x00000000e0e21918,0x00000000f5300000)
  from space 32768K, 0% used [0x00000000f5300000,0x00000000f5300000,0x00000000f7300000)
  to   space 46592K, 0% used [0x00000000fb400000,0x00000000fb400000,0x00000000fe180000)
 ParOldGen       total 207872K, used 99693K [0x0000000080000000, 0x000000008cb00000, 0x00000000d5580000)
  object space 207872K, 47% used [0x0000000080000000,0x000000008615b460,0x000000008cb00000)
 Metaspace       used 96324K, capacity 101130K, committed 102424K, reserved 1138688K
  class space    used 12657K, capacity 13562K, committed 13872K, reserved 1048576K

Card table byte_map: [0x00000000125d0000,0x00000000129e0000] byte_map_base: 0x00000000121d0000

Marking Bits: (ParMarkBitMap*) 0x000000005997f030
 Begin Bits: [0x0000000013490000, 0x0000000015490000)
 End Bits:   [0x0000000015490000, 0x0000000017490000)

Polling page: 0x0000000002ed0000

CodeCache: size=245760Kb used=54106Kb max_used=54153Kb free=191653Kb
 bounds [0x0000000003210000, 0x0000000006780000, 0x0000000012210000]
 total_blobs=16563 nmethods=15652 adapters=821
 compilation: enabled

Compilation events (10 events):
Event: 108.814 Thread 0x000000001a076800 nmethod 19728 0x0000000005dc2d90 code [0x0000000005dc2f00, 0x0000000005dc30d8]
Event: 108.814 Thread 0x000000001a076800 19707       4       com.android.tools.r8.graph.k0::equals (37 bytes)
Event: 108.833 Thread 0x000000001a076800 nmethod 19707 0x00000000037d8090 code [0x00000000037d81e0, 0x00000000037d8538]
Event: 108.833 Thread 0x000000001a076800 19791       4       java.util.TreeMap::put (247 bytes)
Event: 108.883 Thread 0x000000001a076800 nmethod 19791 0x00000000043e6850 code [0x00000000043e69e0, 0x00000000043e73d8]
Event: 108.883 Thread 0x000000001a076800 19787       4       java.util.IdentityHashMap$IdentityHashMapIterator::hasNext (50 bytes)
Event: 108.888 Thread 0x000000001a076800 nmethod 19787 0x0000000005867690 code [0x00000000058677c0, 0x0000000005867938]
Event: 108.888 Thread 0x000000001a076800 19793 %     4       com.android.tools.r8.ir.conversion.N::a @ 1946 (3065 bytes)
Event: 108.904 Thread 0x000000001a0ce800 nmethod 19779 0x0000000006740210 code [0x0000000006741d40, 0x00000000067586e8]
Event: 108.904 Thread 0x000000001a0ce800 19792       3       com.android.tools.r8.z.a.a.f::a (6058 bytes)

GC Heap History (10 events):
Event: 59.001 GC heap before
{Heap before GC invocations=23 (full 3):
 PSYoungGen      total 444928K, used 444920K [0x00000000d5580000, 0x00000000f5800000, 0x0000000100000000)
  eden space 422400K, 100% used [0x00000000d5580000,0x00000000ef200000,0x00000000ef200000)
  from space 22528K, 99% used [0x00000000ef200000,0x00000000f07fe130,0x00000000f0800000)
  to   space 26112K, 0% used [0x00000000f3e80000,0x00000000f3e80000,0x00000000f5800000)
 ParOldGen       total 107520K, used 49357K [0x0000000080000000, 0x0000000086900000, 0x00000000d5580000)
  object space 107520K, 45% used [0x0000000080000000,0x0000000083033458,0x0000000086900000)
 Metaspace       used 76479K, capacity 80078K, committed 80280K, reserved 1118208K
  class space    used 10214K, capacity 10923K, committed 10928K, reserved 1048576K
Event: 59.032 GC heap after
Heap after GC invocations=23 (full 3):
 PSYoungGen      total 499712K, used 17356K [0x00000000d5580000, 0x00000000f5c00000, 0x0000000100000000)
  eden space 473600K, 0% used [0x00000000d5580000,0x00000000d5580000,0x00000000f2400000)
  from space 26112K, 66% used [0x00000000f3e80000,0x00000000f4f730d8,0x00000000f5800000)
  to   space 27136K, 0% used [0x00000000f2400000,0x00000000f2400000,0x00000000f3e80000)
 ParOldGen       total 107520K, used 50525K [0x0000000080000000, 0x0000000086900000, 0x00000000d5580000)
  object space 107520K, 46% used [0x0000000080000000,0x0000000083157458,0x0000000086900000)
 Metaspace       used 76479K, capacity 80078K, committed 80280K, reserved 1118208K
  class space    used 10214K, capacity 10923K, committed 10928K, reserved 1048576K
}
Event: 66.418 GC heap before
{Heap before GC invocations=24 (full 3):
 PSYoungGen      total 499712K, used 490956K [0x00000000d5580000, 0x00000000f5c00000, 0x0000000100000000)
  eden space 473600K, 100% used [0x00000000d5580000,0x00000000f2400000,0x00000000f2400000)
  from space 26112K, 66% used [0x00000000f3e80000,0x00000000f4f730d8,0x00000000f5800000)
  to   space 27136K, 0% used [0x00000000f2400000,0x00000000f2400000,0x00000000f3e80000)
 ParOldGen       total 107520K, used 50525K [0x0000000080000000, 0x0000000086900000, 0x00000000d5580000)
  object space 107520K, 46% used [0x0000000080000000,0x0000000083157458,0x0000000086900000)
 Metaspace       used 77699K, capacity 81518K, committed 81816K, reserved 1120256K
  class space    used 10370K, capacity 11079K, committed 11184K, reserved 1048576K
Event: 66.508 GC heap after
Heap after GC invocations=24 (full 3):
 PSYoungGen      total 500736K, used 26343K [0x00000000d5580000, 0x00000000f9800000, 0x0000000100000000)
  eden space 473600K, 0% used [0x00000000d5580000,0x00000000d5580000,0x00000000f2400000)
  from space 27136K, 97% used [0x00000000f2400000,0x00000000f3db9cb0,0x00000000f3e80000)
  to   space 31232K, 0% used [0x00000000f7980000,0x00000000f7980000,0x00000000f9800000)
 ParOldGen       total 107520K, used 50533K [0x0000000080000000, 0x0000000086900000, 0x00000000d5580000)
  object space 107520K, 46% used [0x0000000080000000,0x0000000083159458,0x0000000086900000)
 Metaspace       used 77699K, capacity 81518K, committed 81816K, reserved 1120256K
  class space    used 10370K, capacity 11079K, committed 11184K, reserved 1048576K
}
Event: 80.789 GC heap before
{Heap before GC invocations=25 (full 3):
 PSYoungGen      total 500736K, used 499943K [0x00000000d5580000, 0x00000000f9800000, 0x0000000100000000)
  eden space 473600K, 100% used [0x00000000d5580000,0x00000000f2400000,0x00000000f2400000)
  from space 27136K, 97% used [0x00000000f2400000,0x00000000f3db9cb0,0x00000000f3e80000)
  to   space 31232K, 0% used [0x00000000f7980000,0x00000000f7980000,0x00000000f9800000)
 ParOldGen       total 107520K, used 50541K [0x0000000080000000, 0x0000000086900000, 0x00000000d5580000)
  object space 107520K, 47% used [0x0000000080000000,0x000000008315b6a8,0x0000000086900000)
 Metaspace       used 79319K, capacity 83236K, committed 83480K, reserved 1122304K
  class space    used 10537K, capacity 11276K, committed 11312K, reserved 1048576K
Event: 80.852 GC heap after
Heap after GC invocations=25 (full 3):
 PSYoungGen      total 547840K, used 22258K [0x00000000d5580000, 0x00000000f9300000, 0x0000000100000000)
  eden space 521728K, 0% used [0x00000000d5580000,0x00000000d5580000,0x00000000f5300000)
  from space 26112K, 85% used [0x00000000f7980000,0x00000000f8f3c920,0x00000000f9300000)
  to   space 32768K, 0% used [0x00000000f5300000,0x00000000f5300000,0x00000000f7300000)
 ParOldGen       total 107520K, used 50549K [0x0000000080000000, 0x0000000086900000, 0x00000000d5580000)
  object space 107520K, 47% used [0x0000000080000000,0x000000008315d6a8,0x0000000086900000)
 Metaspace       used 79319K, capacity 83236K, committed 83480K, reserved 1122304K
  class space    used 10537K, capacity 11276K, committed 11312K, reserved 1048576K
}
Event: 90.941 GC heap before
{Heap before GC invocations=26 (full 3):
 PSYoungGen      total 547840K, used 374859K [0x00000000d5580000, 0x00000000f9300000, 0x0000000100000000)
  eden space 521728K, 67% used [0x00000000d5580000,0x00000000eadd66d0,0x00000000f5300000)
  from space 26112K, 85% used [0x00000000f7980000,0x00000000f8f3c920,0x00000000f9300000)
  to   space 32768K, 0% used [0x00000000f5300000,0x00000000f5300000,0x00000000f7300000)
 ParOldGen       total 107520K, used 50549K [0x0000000080000000, 0x0000000086900000, 0x00000000d5580000)
  object space 107520K, 47% used [0x0000000080000000,0x000000008315d6a8,0x0000000086900000)
 Metaspace       used 93056K, capacity 98598K, committed 98600K, reserved 1134592K
  class space    used 12465K, capacity 13486K, committed 13488K, reserved 1048576K
Event: 91.088 GC heap after
Heap after GC invocations=26 (full 3):
 PSYoungGen      total 554496K, used 32757K [0x00000000d5580000, 0x00000000fe180000, 0x0000000100000000)
  eden space 521728K, 0% used [0x00000000d5580000,0x00000000d5580000,0x00000000f5300000)
  from space 32768K, 99% used [0x00000000f5300000,0x00000000f72fd640,0x00000000f7300000)
  to   space 46592K, 0% used [0x00000000fb400000,0x00000000fb400000,0x00000000fe180000)
 ParOldGen       total 107520K, used 73124K [0x0000000080000000, 0x0000000086900000, 0x00000000d5580000)
  object space 107520K, 68% used [0x0000000080000000,0x0000000084769100,0x0000000086900000)
 Metaspace       used 93056K, capacity 98598K, committed 98600K, reserved 1134592K
  class space    used 12465K, capacity 13486K, committed 13488K, reserved 1048576K
}
Event: 91.088 GC heap before
{Heap before GC invocations=27 (full 4):
 PSYoungGen      total 554496K, used 32757K [0x00000000d5580000, 0x00000000fe180000, 0x0000000100000000)
  eden space 521728K, 0% used [0x00000000d5580000,0x00000000d5580000,0x00000000f5300000)
  from space 32768K, 99% used [0x00000000f5300000,0x00000000f72fd640,0x00000000f7300000)
  to   space 46592K, 0% used [0x00000000fb400000,0x00000000fb400000,0x00000000fe180000)
 ParOldGen       total 107520K, used 73124K [0x0000000080000000, 0x0000000086900000, 0x00000000d5580000)
  object space 107520K, 68% used [0x0000000080000000,0x0000000084769100,0x0000000086900000)
 Metaspace       used 93056K, capacity 98598K, committed 98600K, reserved 1134592K
  class space    used 12465K, capacity 13486K, committed 13488K, reserved 1048576K
Event: 94.077 GC heap after
Heap after GC invocations=27 (full 4):
 PSYoungGen      total 554496K, used 0K [0x00000000d5580000, 0x00000000fe180000, 0x0000000100000000)
  eden space 521728K, 0% used [0x00000000d5580000,0x00000000d5580000,0x00000000f5300000)
  from space 32768K, 0% used [0x00000000f5300000,0x00000000f5300000,0x00000000f7300000)
  to   space 46592K, 0% used [0x00000000fb400000,0x00000000fb400000,0x00000000fe180000)
 ParOldGen       total 207872K, used 99693K [0x0000000080000000, 0x000000008cb00000, 0x00000000d5580000)
  object space 207872K, 47% used [0x0000000080000000,0x000000008615b460,0x000000008cb00000)
 Metaspace       used 92098K, capacity 96122K, committed 98600K, reserved 1134592K
  class space    used 12137K, capacity 12898K, committed 13488K, reserved 1048576K
}

Deoptimization events (10 events):
Event: 108.689 Thread 0x000000001fdd6000 Uncommon trap: reason=unstable_if action=reinterpret pc=0x00000000063a7174 method=com.android.tools.r8.q.a.a.b.u0.b(I[Ljava/lang/Object;)Lcom/android/tools/r8/q/a/a/b/u0; @ 193
Event: 108.701 Thread 0x000000001fdda000 Uncommon trap: reason=class_check action=maybe_recompile pc=0x000000000633dba8 method=java.util.Collections$SetFromMap.<init>(Ljava/util/Map;)V @ 5
Event: 108.701 Thread 0x000000001fdda000 Uncommon trap: reason=class_check action=maybe_recompile pc=0x000000000633dba8 method=java.util.Collections$SetFromMap.<init>(Ljava/util/Map;)V @ 5
Event: 108.702 Thread 0x000000001fdda000 Uncommon trap: reason=unstable_if action=reinterpret pc=0x000000000617fcb4 method=com.android.tools.r8.graph.I0$c.a()V @ 138
Event: 108.705 Thread 0x000000001fdd6000 Uncommon trap: reason=class_check action=maybe_recompile pc=0x000000000633dba8 method=java.util.Collections$SetFromMap.<init>(Ljava/util/Map;)V @ 5
Event: 108.705 Thread 0x000000001fdd6000 Uncommon trap: reason=class_check action=maybe_recompile pc=0x000000000633dba8 method=java.util.Collections$SetFromMap.<init>(Ljava/util/Map;)V @ 5
Event: 108.775 Thread 0x000000001fdd1800 Uncommon trap: reason=unloaded action=reinterpret pc=0x00000000063211e0 method=com.android.tools.r8.graph.I0$d.<init>(ILjava/lang/String;Ljava/lang/String;Ljava/lang/String;[Ljava/lang/String;Lcom/android/tools/r8/graph/I0$b;)V @ 114
Event: 108.828 Thread 0x000000001fdda000 Uncommon trap: reason=unstable_if action=reinterpret pc=0x000000000656b12c method=com.android.tools.r8.z.a.a.f.a(Lcom/android/tools/r8/z/a/a/u;Lcom/android/tools/r8/z/a/a/k;I)V @ 1388
Event: 108.932 Thread 0x000000001fdda000 Uncommon trap: reason=class_check action=maybe_recompile pc=0x00000000066f747c method=com.android.tools.r8.graph.g1$$Lambda$1666/1029574708.compare(Ljava/lang/Object;Ljava/lang/Object;)I @ 5
Event: 108.932 Thread 0x000000001fdda000 Uncommon trap: reason=class_check action=maybe_recompile pc=0x00000000066f747c method=com.android.tools.r8.graph.g1$$Lambda$1666/1029574708.compare(Ljava/lang/Object;Ljava/lang/Object;)I @ 5

Classes redefined (0 events):
No events

Internal exceptions (10 events):
Event: 97.391 Thread 0x000000001b5cb000 Exception <a 'sun/nio/fs/WindowsException'> (0x00000000de3d8a20) thrown at [C:\src\AOSP-openjdk-git\hotspot\src\share\vm\prims\jni.cpp, line 710]
Event: 97.395 Thread 0x000000001b5cb000 Exception <a 'sun/nio/fs/WindowsException'> (0x00000000de3df978) thrown at [C:\src\AOSP-openjdk-git\hotspot\src\share\vm\prims\jni.cpp, line 710]
Event: 97.399 Thread 0x000000001b5cb000 Exception <a 'sun/nio/fs/WindowsException'> (0x00000000de3e6d30) thrown at [C:\src\AOSP-openjdk-git\hotspot\src\share\vm\prims\jni.cpp, line 710]
Event: 97.407 Thread 0x000000001b5cb000 Exception <a 'sun/nio/fs/WindowsException'> (0x00000000de3ee3c0) thrown at [C:\src\AOSP-openjdk-git\hotspot\src\share\vm\prims\jni.cpp, line 710]
Event: 97.411 Thread 0x000000001b5cb000 Exception <a 'sun/nio/fs/WindowsException'> (0x00000000de3f6508) thrown at [C:\src\AOSP-openjdk-git\hotspot\src\share\vm\prims\jni.cpp, line 710]
Event: 108.686 Thread 0x000000001fdd6000 Exception <a 'sun/nio/fs/WindowsException'> (0x00000000dec7aae8) thrown at [C:\src\AOSP-openjdk-git\hotspot\src\share\vm\prims\jni.cpp, line 710]
Event: 108.696 Thread 0x000000001fdda000 Exception <a 'sun/nio/fs/WindowsException'> (0x00000000def649e0) thrown at [C:\src\AOSP-openjdk-git\hotspot\src\share\vm\prims\jni.cpp, line 710]
Event: 108.738 Thread 0x000000001fdd1800 Exception <a 'sun/nio/fs/WindowsException'> (0x00000000df85b870) thrown at [C:\src\AOSP-openjdk-git\hotspot\src\share\vm\prims\jni.cpp, line 710]
Event: 108.745 Thread 0x000000001fdd6000 Exception <a 'sun/nio/fs/WindowsException'> (0x00000000df7b5598) thrown at [C:\src\AOSP-openjdk-git\hotspot\src\share\vm\prims\jni.cpp, line 710]
Event: 108.765 Thread 0x000000001fdd3800 Exception <a 'sun/nio/fs/WindowsException'> (0x00000000ded91fb8) thrown at [C:\src\AOSP-openjdk-git\hotspot\src\share\vm\prims\jni.cpp, line 710]

Events (10 events):
Event: 108.936 loading class com/android/tools/r8/graph/W done
Event: 108.936 loading class com/android/tools/r8/graph/W
Event: 108.936 loading class com/android/tools/r8/graph/W done
Event: 108.936 loading class com/android/tools/r8/graph/Z0
Event: 108.936 loading class com/android/tools/r8/graph/Z0 done
Event: 108.937 loading class com/android/tools/r8/utils/o0
Event: 108.937 loading class com/android/tools/r8/utils/o0 done
Event: 108.939 loading class com/android/tools/r8/utils/n0
Event: 108.939 loading class com/android/tools/r8/utils/n0 done
Event: 108.940 Thread 0x000000001fdda000 DEOPT UNPACKING pc=0x000000000325557b sp=0x000000002415afd0 mode 2


Dynamic libraries:
0x00007ff677670000 - 0x00007ff6776a1000 	C:\Program Files\Android\Android Studio2\jre\bin\java.exe
0x00007ff9c7ad0000 - 0x00007ff9c7cc5000 	C:\WINDOWS\SYSTEM32\ntdll.dll
0x00007ff9c5eb0000 - 0x00007ff9c5f6d000 	C:\WINDOWS\System32\KERNEL32.DLL
0x00007ff9c5600000 - 0x00007ff9c58c8000 	C:\WINDOWS\System32\KERNELBASE.dll
0x00007ff9c6490000 - 0x00007ff9c653c000 	C:\WINDOWS\System32\ADVAPI32.dll
0x00007ff9c77f0000 - 0x00007ff9c788e000 	C:\WINDOWS\System32\msvcrt.dll
0x00007ff9c75f0000 - 0x00007ff9c768b000 	C:\WINDOWS\System32\sechost.dll
0x00007ff9c5b60000 - 0x00007ff9c5c8b000 	C:\WINDOWS\System32\RPCRT4.dll
0x00007ff9c5c90000 - 0x00007ff9c5e30000 	C:\WINDOWS\System32\USER32.dll
0x00007ff9c5980000 - 0x00007ff9c59a2000 	C:\WINDOWS\System32\win32u.dll
0x00007ff9c5b30000 - 0x00007ff9c5b5a000 	C:\WINDOWS\System32\GDI32.dll
0x00007ff9c5290000 - 0x00007ff9c539b000 	C:\WINDOWS\System32\gdi32full.dll
0x00007ff9c5400000 - 0x00007ff9c549d000 	C:\WINDOWS\System32\msvcp_win.dll
0x00007ff9c5a30000 - 0x00007ff9c5b30000 	C:\WINDOWS\System32\ucrtbase.dll
0x00007ff9b22a0000 - 0x00007ff9b253a000 	C:\WINDOWS\WinSxS\amd64_microsoft.windows.common-controls_6595b64144ccf1df_6.0.19041.844_none_ca00b6081b84eb1d\COMCTL32.dll
0x00007ff9c77c0000 - 0x00007ff9c77f0000 	C:\WINDOWS\System32\IMM32.DLL
0x000000005c820000 - 0x000000005c8f2000 	C:\Program Files\Android\Android Studio2\jre\jre\bin\msvcr100.dll
0x00000000591b0000 - 0x00000000599fb000 	C:\Program Files\Android\Android Studio2\jre\jre\bin\server\jvm.dll
0x00007ff9c66a0000 - 0x00007ff9c66a8000 	C:\WINDOWS\System32\PSAPI.DLL
0x00007ff9b4810000 - 0x00007ff9b4837000 	C:\WINDOWS\SYSTEM32\WINMM.dll
0x00007ff9bd8d0000 - 0x00007ff9bd8da000 	C:\WINDOWS\SYSTEM32\VERSION.dll
0x00007ff9b1030000 - 0x00007ff9b1039000 	C:\WINDOWS\SYSTEM32\WSOCK32.dll
0x00007ff9c6cb0000 - 0x00007ff9c6d1b000 	C:\WINDOWS\System32\WS2_32.dll
0x00007ff9c04a0000 - 0x00007ff9c04af000 	C:\Program Files\Android\Android Studio2\jre\jre\bin\verify.dll
0x00007ff9be700000 - 0x00007ff9be729000 	C:\Program Files\Android\Android Studio2\jre\jre\bin\java.dll
0x00007ff9be4d0000 - 0x00007ff9be4e6000 	C:\Program Files\Android\Android Studio2\jre\jre\bin\zip.dll
0x00007ff9c6d20000 - 0x00007ff9c7462000 	C:\WINDOWS\System32\SHELL32.dll
0x00007ff9c3050000 - 0x00007ff9c37e0000 	C:\WINDOWS\SYSTEM32\windows.storage.dll
0x00007ff9c68c0000 - 0x00007ff9c6c15000 	C:\WINDOWS\System32\combase.dll
0x00007ff9c4c80000 - 0x00007ff9c4cac000 	C:\WINDOWS\SYSTEM32\Wldp.dll
0x00007ff9c7540000 - 0x00007ff9c75ee000 	C:\WINDOWS\System32\SHCORE.dll
0x00007ff9c7890000 - 0x00007ff9c78e5000 	C:\WINDOWS\System32\shlwapi.dll
0x00007ff9c5150000 - 0x00007ff9c516f000 	C:\WINDOWS\SYSTEM32\profapi.dll
0x00007ff9bcf90000 - 0x00007ff9bcfaa000 	C:\Program Files\Android\Android Studio2\jre\jre\bin\net.dll
0x00007ff9c49f0000 - 0x00007ff9c4a5a000 	C:\WINDOWS\system32\mswsock.dll
0x00007ff9bce70000 - 0x00007ff9bce83000 	C:\Program Files\Android\Android Studio2\jre\jre\bin\nio.dll
0x00007ff9b5200000 - 0x00007ff9b5227000 	C:\Users\trith\.gradle\native\f6784746aeab05261644944871eae4fe03e0ef1612fff0a4a95f87b438bc6780\windows-amd64\native-platform.dll
0x00007ff9c0490000 - 0x00007ff9c049d000 	C:\Program Files\Android\Android Studio2\jre\jre\bin\management.dll
0x00007ff9c4bd0000 - 0x00007ff9c4be8000 	C:\WINDOWS\SYSTEM32\CRYPTSP.dll
0x00007ff9c4320000 - 0x00007ff9c4354000 	C:\WINDOWS\system32\rsaenh.dll
0x00007ff9c5a00000 - 0x00007ff9c5a27000 	C:\WINDOWS\System32\bcrypt.dll
0x00007ff9c5110000 - 0x00007ff9c513e000 	C:\WINDOWS\SYSTEM32\USERENV.dll
0x00007ff9c5210000 - 0x00007ff9c5290000 	C:\WINDOWS\System32\bcryptprimitives.dll
0x00007ff9c4bc0000 - 0x00007ff9c4bcc000 	C:\WINDOWS\SYSTEM32\CRYPTBASE.dll
0x00007ff9c4670000 - 0x00007ff9c46ab000 	C:\WINDOWS\SYSTEM32\IPHLPAPI.DLL
0x00007ff9c7a80000 - 0x00007ff9c7a88000 	C:\WINDOWS\System32\NSI.dll
0x00007ff9b97c0000 - 0x00007ff9b97d7000 	C:\WINDOWS\SYSTEM32\dhcpcsvc6.DLL
0x00007ff9b97a0000 - 0x00007ff9b97bd000 	C:\WINDOWS\SYSTEM32\dhcpcsvc.DLL
0x00007ff9c46e0000 - 0x00007ff9c47ac000 	C:\WINDOWS\SYSTEM32\DNSAPI.dll
0x00007ff9b9650000 - 0x00007ff9b965b000 	C:\WINDOWS\SYSTEM32\WINNSI.DLL
0x00007ff9bce00000 - 0x00007ff9bce24000 	C:\Program Files\Android\Android Studio2\jre\jre\bin\sunec.dll
0x00007ff9bfa60000 - 0x00007ff9bfa6a000 	C:\Windows\System32\rasadhlp.dll
0x00007ff9b5ea0000 - 0x00007ff9b5f1f000 	C:\WINDOWS\System32\fwpuclnt.dll
0x00007ff9c0460000 - 0x00007ff9c046b000 	C:\Program Files\Android\Android Studio2\jre\jre\bin\sunmscapi.dll
0x00007ff9c54a0000 - 0x00007ff9c55ff000 	C:\WINDOWS\System32\CRYPT32.dll
0x00007ff9c3f50000 - 0x00007ff9c3f83000 	C:\WINDOWS\SYSTEM32\ntmarta.dll
0x00007ff9c24b0000 - 0x00007ff9c2540000 	C:\WINDOWS\system32\apphelp.dll

VM Arguments:
jvm_args: -Xmx2048m -Dfile.encoding=UTF-8 -Duser.country=US -Duser.language=en -Duser.variant -Xmx2048M 
java_command: org.gradle.launcher.daemon.bootstrap.GradleDaemon 6.5
java_class_path (initial): C:\Users\trith\.gradle\wrapper\dists\gradle-6.5-all\2oz4ud9k3tuxjg84bbf55q0tn\gradle-6.5\lib\gradle-launcher-6.5.jar
Launcher Type: SUN_STANDARD

Environment Variables:
_JAVA_OPTIONS=-Xmx2048M
PATH=C:\Program Files (x86)\Common Files\Oracle\Java\javapath;C:\Program Files (x86)\Intel\Intel(R) Management Engine Components\iCLS\;C:\Program Files\Intel\Intel(R) Management Engine Components\iCLS\;C:\Windows\system32;C:\Windows;C:\Windows\System32\Wbem;C:\Windows\System32\WindowsPowerShell\v1.0\;C:\Windows\System32\OpenSSH\;C:\Program Files (x86)\Intel\Intel(R) Management Engine Components\DAL;C:\Program Files\Intel\Intel(R) Management Engine Components\DAL;C:\Program Files (x86)\Intel\Intel(R) Management Engine Components\IPT;C:\Program Files\Intel\Intel(R) Management Engine Components\IPT;C:\Program Files (x86)\NVIDIA Corporation\PhysX\Common;C:\WINDOWS\system32;C:\WINDOWS;C:\WINDOWS\System32\Wbem;C:\WINDOWS\System32\WindowsPowerShell\v1.0\;C:\WINDOWS\System32\OpenSSH\;C:\Program Files\Microsoft SQL Server\Client SDK\ODBC\170\Tools\Binn\;C:\Program Files (x86)\Microsoft SQL Server\150\Tools\Binn\;C:\Program Files\Microsoft SQL Server\150\Tools\Binn\;C:\Program Files\Microsoft SQL Server\150\DTS\Binn\;C:\Program Files (x86)\Microsoft SQL Server\150\DTS\Binn\;C:\Program Files\Azure Data Studio\bin;C:\Program Files\Git\cmd;C:\Program Files\nodejs\;C:\Program Files\dotnet\;C:\Users\trith\AppData\Local\Microsoft\WindowsApps;C:\Users\trith\AppData\Local\GitHubDesktop\bin;C:\Program Files\Azure Data Studio\bin;C:\Users\trith\AppData\Roaming\npm;C:\Users\trith\.dotnet\tools
USERNAME=trith
OS=Windows_NT
PROCESSOR_IDENTIFIER=Intel64 Family 6 Model 142 Stepping 10, GenuineIntel



---------------  S Y S T E M  ---------------

OS: Windows 10.0 , 64 bit Build 19041 (10.0.19041.928)

CPU:total 8 (initial active 8) (4 cores per cpu, 2 threads per core) family 6 model 142 stepping 10, cmov, cx8, fxsr, mmx, sse, sse2, sse3, ssse3, sse4.1, sse4.2, popcnt, avx, avx2, aes, clmul, erms, 3dnowpref, lzcnt, ht, tsc, tscinvbit, bmi1, bmi2, adx

Memory: 4k page, physical 8263052k(315676k free), swap 21395720k(0k free)

vm_info: OpenJDK 64-Bit Server VM (25.242-b01) for windows-amd64 JRE (1.8.0_242-release-1644-b01), built by "builder" with MS VC++ 10.0 (VS2010)

time: Sat May 29 23:38:40 2021
timezone: SE Asia Standard Time
elapsed time: 108 seconds (0d 0h 1m 48s)

